<?xml version="1.0" encoding="UTF-8"?>
<!-- Generated by org.testng.reporters.JUnitXMLReporter -->
<testsuite ignored="0" hostname="Abhilash" failures="0" tests="3" name="Test" time="77.952" errors="0" timestamp="2024-09-07T12:44:22 IST">
  <testcase classname="MMTTestFile.MMTTC_ClosingTab" name="SearchFunctinality" time="3.275"/>
  <testcase classname="MMTTestFile.MMTTC_01Registration" name="Registration" time="6.984"/>
  <testcase classname="MMTTestFile.MMTTC_04SearchOneWayFlight" name="SearchFlight" time="7.481"/>
</testsuite> <!-- Test -->
