<?xml version="1.0" encoding="UTF-8"?>
<!-- Generated by org.testng.reporters.JUnitXMLReporter -->
<testsuite ignored="0" hostname="Abhilash" failures="0" tests="3" name="Test" time="63.986" errors="0" timestamp="2024-09-07T13:16:54 IST">
  <testcase classname="MMTTestFile.MMTTC_ClosingTab" name="SearchFunctinality" time="3.156"/>
  <testcase classname="MMTTestFile.MMTTC_01Registration" name="Registration" time="6.582"/>
  <testcase classname="MMTTestFile.MMTTC_04SearchOneWayFlight" name="SearchFlight" time="7.504"/>
</testsuite> <!-- Test -->
