<?xml version="1.0" encoding="UTF-8"?>
<testng-results ignored="0" total="3" passed="3" failed="0" skipped="0">
  <reporter-output>
  </reporter-output>
  <suite started-at="2024-09-07T13:15:50 IST" name="Suite" finished-at="2024-09-07T13:16:54 IST" duration-ms="63986">
    <groups>
    </groups>
    <test started-at="2024-09-07T13:15:50 IST" name="Test" finished-at="2024-09-07T13:16:54 IST" duration-ms="63986">
      <class name="MMTTestFile.MMTTC_01Registration">
        <test-method is-config="true" signature="Launch()[pri:0, instance:MMTTestFile.MMTTC_01Registration@7d4f9aae]" started-at="2024-09-07T13:15:57 IST" name="Launch" finished-at="2024-09-07T13:16:01 IST" duration-ms="3452" status="PASS">
          <reporter-output>
          </reporter-output>
        </test-method> <!-- Launch -->
        <test-method signature="Registration()[pri:0, instance:MMTTestFile.MMTTC_01Registration@7d4f9aae]" started-at="2024-09-07T13:16:01 IST" name="Registration" finished-at="2024-09-07T13:16:07 IST" duration-ms="6582" status="PASS">
          <reporter-output>
          </reporter-output>
        </test-method> <!-- Registration -->
        <test-method is-config="true" signature="Quit()[pri:0, instance:MMTTestFile.MMTTC_01Registration@7d4f9aae]" started-at="2024-09-07T13:16:07 IST" name="Quit" finished-at="2024-09-07T13:16:07 IST" duration-ms="1" status="PASS">
          <reporter-output>
          </reporter-output>
        </test-method> <!-- Quit -->
      </class> <!-- MMTTestFile.MMTTC_01Registration -->
      <class name="MMTTestFile.MMTTC_ClosingTab">
        <test-method is-config="true" signature="Launch()[pri:0, instance:MMTTestFile.MMTTC_ClosingTab@54bff557]" started-at="2024-09-07T13:15:50 IST" name="Launch" finished-at="2024-09-07T13:15:54 IST" duration-ms="4183" status="PASS">
          <reporter-output>
          </reporter-output>
        </test-method> <!-- Launch -->
        <test-method signature="SearchFunctinality()[pri:0, instance:MMTTestFile.MMTTC_ClosingTab@54bff557]" started-at="2024-09-07T13:15:54 IST" name="SearchFunctinality" finished-at="2024-09-07T13:15:57 IST" duration-ms="3156" status="PASS">
          <reporter-output>
          </reporter-output>
        </test-method> <!-- SearchFunctinality -->
        <test-method is-config="true" signature="Quit()[pri:0, instance:MMTTestFile.MMTTC_ClosingTab@54bff557]" started-at="2024-09-07T13:15:57 IST" name="Quit" finished-at="2024-09-07T13:15:57 IST" duration-ms="1" status="PASS">
          <reporter-output>
          </reporter-output>
        </test-method> <!-- Quit -->
      </class> <!-- MMTTestFile.MMTTC_ClosingTab -->
      <class name="MMTTestFile.MMTTC_04SearchOneWayFlight">
        <test-method is-config="true" signature="Launch()[pri:0, instance:MMTTestFile.MMTTC_04SearchOneWayFlight@72e5a8e]" started-at="2024-09-07T13:16:07 IST" name="Launch" finished-at="2024-09-07T13:16:46 IST" duration-ms="39058" status="PASS">
          <reporter-output>
          </reporter-output>
        </test-method> <!-- Launch -->
        <test-method signature="SearchFlight()[pri:0, instance:MMTTestFile.MMTTC_04SearchOneWayFlight@72e5a8e]" started-at="2024-09-07T13:16:46 IST" name="SearchFlight" finished-at="2024-09-07T13:16:54 IST" duration-ms="7504" status="PASS">
          <reporter-output>
          </reporter-output>
        </test-method> <!-- SearchFlight -->
        <test-method is-config="true" signature="Quit()[pri:0, instance:MMTTestFile.MMTTC_04SearchOneWayFlight@72e5a8e]" started-at="2024-09-07T13:16:54 IST" name="Quit" finished-at="2024-09-07T13:16:54 IST" duration-ms="1" status="PASS">
          <reporter-output>
          </reporter-output>
        </test-method> <!-- Quit -->
      </class> <!-- MMTTestFile.MMTTC_04SearchOneWayFlight -->
    </test> <!-- Test -->
  </suite> <!-- Suite -->
</testng-results>
